Arguments: 
  C:\Program Files\nodejs\node.exe C:\Users\Admin\AppData\Roaming\npm\node_modules\yarn\bin\yarn.js

PATH: 
  C:\Users\Admin\bin;C:\Program Files\Git\mingw64\bin;C:\Program Files\Git\usr\local\bin;C:\Program Files\Git\usr\bin;C:\Program Files\Git\usr\bin;C:\Program Files\Git\mingw64\bin;C:\Program Files\Git\usr\bin;C:\Users\Admin\bin;C:\Python310\Scripts;C:\Python310;C:\Program Files (x86)\Common Files\Oracle\Java\javapath;C:\Windows\system32;C:\Windows;C:\Windows\System32\Wbem;C:\Windows\System32\WindowsPowerShell\v1.0;C:\Windows\System32\OpenSSH;C:\Program Files\Java\jdk1.8.0_202\bin;C:\Program Files\apache-maven-3.8.5\bin;C:\Program Files\Git\cmd;C:\ProgramData\chocolatey\bin;C:\Program Files\nodejs;C:\Program Files\nodejs;C:\Program Files\nodejs;C:\Users\Admin\AppData\Local\Microsoft\WindowsApps;C:\Program Files\JetBrains\IntelliJ IDEA Community Edition 2022.1\bin;C:\ProgramData\Admin\GitHubDesktop\bin;C:\Program Files\JetBrains\DataGrip 2022.1.4\bin;C:\Users\Admin\AppData\Local\Programs\Microsoft VS Code\bin;C:\Users\Admin\AppData\Roaming\npm;C:\Program Files\Git\usr\bin\vendor_perl;C:\Program Files\Git\usr\bin\core_perl

Yarn version: 
  1.22.18

Node version: 
  16.16.0

Platform: 
  win32 x64

Trace: 
  Error: https://registry.npmjs.org/@shopbase%2fservice: Not found
      at Request.params.callback [as _callback] (C:\Users\Admin\AppData\Roaming\npm\node_modules\yarn\lib\cli.js:66138:18)
      at Request.self.callback (C:\Users\Admin\AppData\Roaming\npm\node_modules\yarn\lib\cli.js:140883:22)
      at Request.emit (node:events:527:28)
      at Request.<anonymous> (C:\Users\Admin\AppData\Roaming\npm\node_modules\yarn\lib\cli.js:141855:10)
      at Request.emit (node:events:527:28)
      at IncomingMessage.<anonymous> (C:\Users\Admin\AppData\Roaming\npm\node_modules\yarn\lib\cli.js:141777:12)
      at Object.onceWrapper (node:events:641:28)
      at IncomingMessage.emit (node:events:539:35)
      at endReadableNT (node:internal/streams/readable:1345:12)
      at processTicksAndRejections (node:internal/process/task_queues:83:21)

npm manifest: 
  {
    "name": "squadwareone",
    "version": "1.0.0",
    "description": "",
    "main": "index.js",
    "scripts": {
      "test": "npx playwright test ",
      "report": "npx playwright show-report ",
      "sync-conf": "npx ts-node-dev -r tsconfig-paths/register src/cli/cli.ts sync-conf ",
      "upload-to-s3": "npx ts-node-dev -r tsconfig-paths/register src/cli/cli.ts upload-to-s3",
      "configure-husky": "npx husky install && npx husky add .husky/pre-commit \"npx --no-install lint-staged\""
    },
    "keywords": [],
    "author": "",
    "license": "ISC",
    "dependencies": {
      "@playwright/test": "^1.21.1",
      "@shopbase/service": "^1.0.135",
      "@types/adm-zip": "^0.4.34",
      "@types/crypto-js": "^4.1.0",
      "adm-zip": "^0.5.9",
      "allure-js-commons": "^2.0.0-beta.16",
      "app-root-path": "^3.0.0",
      "async": "^3.2.4",
      "aws-sdk": "^2.1151.0",
      "commander": "^9.3.0",
      "cross-env": "^7.0.3",
      "crypto-js": "^4.1.1",
      "csv-parse": "^5.2.0",
      "dayjs": "^1.11.3",
      "deasync": "^0.1.26",
      "dotenv": "^16.0.0",
      "eslint-config-prettier": "^8.5.0",
      "eslint-plugin-import": "^2.25.4",
      "exceljs": "^4.3.0",
      "lodash.merge": "^4.6.2",
      "mysql2": "^2.3.3",
      "node-csv": "^0.1.2",
      "odoo-xmlrpc": "^1.0.8",
      "pg": "^8.7.3",
      "playwright": "^1.21.1",
      "sequelize": "^6.19.0",
      "sqlite3": "^5.0.8",
      "typescript": "^4.6.4",
      "winston": "^3.7.2",
      "winston-daily-rotate-file": "^4.6.1",
      "xmlrpc": "^1.3.2"
    },
    "devDependencies": {
      "@playwright/test": "^1.21.1",
      "@typescript-eslint/eslint-plugin": "^5.20.0",
      "@typescript-eslint/parser": "^5.20.0",
      "allure-commandline": "^2.17.2",
      "chalk": "^4.1.1",
      "eslint": "^8.18.0",
      "eslint-plugin-playwright": "^0.9.0",
      "husky": "^8.0.1",
      "lint-staged": "^13.0.3",
      "os": "^0.1.2",
      "prettier": "^2.7.1",
      "tsconfig-paths": "^4.0.0",
      "typescript-eslint": "^0.0.1-alpha.0"
    },
    "repository": "git@gitlab.shopbase.dev:brodev/qa/ocg-autopilot-2.git",
    "husky": {
      "hooks": {
        "pre-commit": "lint-staged"
      }
    },
    "lint-staged": {
      "**/*.json": [
        "prettier --write"
      ],
      "**/*.{js,ts}": [
        "prettier --write",
        "eslint --fix --max-warnings 0"
      ],
      "**/*.{html,css,less,ejs}": [
        "prettier --write"
      ]
    }
  }

yarn manifest: 
  No manifest

Lockfile: 
  # THIS IS AN AUTOGENERATED FILE. DO NOT EDIT THIS FILE DIRECTLY.
  # yarn lockfile v1
  
  
  "@playwright/test@^1.24.2":
    version "1.24.2"
    resolved "https://registry.yarnpkg.com/@playwright/test/-/test-1.24.2.tgz#283ea8cc497f9742037458659bf235f4776cf1f0"
    integrity sha512-Q4X224pRHw4Dtkk5PoNJplZCokLNvVbXD9wDQEMrHcEuvWpJWEQDeJ9gEwkZ3iCWSFSWBshIX177B231XW4wOQ==
    dependencies:
      "@types/node" "*"
      playwright-core "1.24.2"
  
  "@types/adm-zip@^0.4.34":
    version "0.4.34"
    resolved "https://registry.yarnpkg.com/@types/adm-zip/-/adm-zip-0.4.34.tgz#62ac859eb2af6024362a1b3e43527ab79e0c624e"
    integrity sha512-8ToYLLAYhkRfcmmljrKi22gT2pqu7hGMDtORP1emwIEGmgUTZOsaDjzWFzW5N2frcFRz/50CWt4zA1CxJ73pmQ==
    dependencies:
      "@types/node" "*"
  
  "@types/crypto-js@^4.1.0":
    version "4.1.1"
    resolved "https://registry.yarnpkg.com/@types/crypto-js/-/crypto-js-4.1.1.tgz#602859584cecc91894eb23a4892f38cfa927890d"
    integrity sha512-BG7fQKZ689HIoc5h+6D2Dgq1fABRa0RbBWKBd9SP/MVRVXROflpm5fhwyATX5duFmbStzyzyycPB8qUYKDH3NA==
  
  "@types/node@*":
    version "18.6.4"
    resolved "https://registry.yarnpkg.com/@types/node/-/node-18.6.4.tgz#fd26723a8a3f8f46729812a7f9b4fc2d1608ed39"
    integrity sha512-I4BD3L+6AWiUobfxZ49DlU43gtI+FTHSv9pE2Zekg6KjMpre4ByusaljW3vYSLJrvQ1ck1hUaeVu8HVlY3vzHg==
  
  playwright-core@1.24.2:
    version "1.24.2"
    resolved "https://registry.yarnpkg.com/playwright-core/-/playwright-core-1.24.2.tgz#47bc5adf3dcfcc297a5a7a332449c9009987db26"
    integrity sha512-zfAoDoPY/0sDLsgSgLZwWmSCevIg1ym7CppBwllguVBNiHeixZkc1AdMuYUPZC6AdEYc4CxWEyLMBTw2YcmRrA==
